<?xml version="1.0" encoding="utf-8"?>
<testsuites>
	<testcase name="Cardinal baseline equals 1.0" time="0.002362" classname="test"/>
	<testcase name="Neon tetra normalization around 0.95" time="0.000325" classname="test"/>
	<testcase name="Bronze corydoras normalization around 1.9" time="0.000271" classname="test"/>
	<testcase name="Pearl gourami normalization around 2.5" time="0.000300" classname="test"/>
	<testcase name="Tiger barb group aggression scaling" time="0.004370" classname="test"/>
	<testcase name="Female betta sorority handling" time="0.000465" classname="test"/>
	<testcase name="Male betta incompatibility when qty > 1" time="0.001280" classname="test"/>
	<testcase name="Cardinal tetra pH compatibility tiers" time="0.002979" classname="test"/>
	<testcase name="Predation risk chip appears for betta and cherry shrimp mix" time="0.046039" classname="test"/>
	<testcase name="Fin-nip warning surfaces for tiger barbs with long-finned tankmates" time="0.002227" classname="test"/>
	<!-- tests 10 -->
	<!-- suites 0 -->
	<!-- pass 10 -->
	<!-- fail 0 -->
	<!-- cancelled 0 -->
	<!-- skipped 0 -->
	<!-- todo 0 -->
	<!-- duration_ms 553.447812 -->
</testsuites>
